2024-07-02 10:03:40 +0000  Initial pipeline context: <IDEDistributionProcessingPipelineContext: 0x1758ea9f0; archive(resolved)="<IDEArchive: 0x60001aad6640>", distributionTask(resolved)="2", distributionDestination(resolved)="1", distributionMethod(resolved)="<IDEDistributionMethodiOSAdHoc: 0x600078cf7150>", team(resolved)="<IDEProvisioningDisambiguatableBasicTeam: 0x6000057b5b80; teamID='2228K8LXUF', teamName='Vivya Corp', teamType='Company', username='vivyacorpsoft@vivyacorp.com', isFreeProvisioningTeam='0'>">
	Chain (15, self inclusive):
	<IDEDistributionProcessingPipelineContext: 0x1758ea9f0; archive = "<IDEArchive: 0x60001aad6640>", distributionMethod="<IDEDistributionMethodiOSAdHoc: 0x600078cf7150>", team="<IDEProvisioningDisambiguatableBasicTeam: 0x6000057b5b80; teamID='2228K8LXUF', teamName='Vivya Corp', teamType='Company', username='vivyacorpsoft@vivyacorp.com', isFreeProvisioningTeam='0'>">
	<IDEDistributionProcessingPipelineContext: 0x1758ea750; archive = "<IDEArchive: 0x60001aad6640>", distributionMethod="<IDEDistributionMethodiOSAdHoc: 0x600078cf7150>", team="<IDEProvisioningDisambiguatableBasicTeam: 0x6000057b5b80; teamID='2228K8LXUF', teamName='Vivya Corp', teamType='Company', username='vivyacorpsoft@vivyacorp.com', isFreeProvisioningTeam='0'>">
	<IDEDistributionContext: 0x118a69460; archive = "<IDEArchive: 0x60001aad6640>", distributionMethod="<IDEDistributionMethodiOSAdHoc: 0x600078cf7150>", team="<IDEProvisioningDisambiguatableBasicTeam: 0x6000057b5b80; teamID='2228K8LXUF', teamName='Vivya Corp', teamType='Company', username='vivyacorpsoft@vivyacorp.com', isFreeProvisioningTeam='0'>">
	<IDEDistributionContext: 0x1793a8900; archive = "<IDEArchive: 0x60001aad6640>", distributionMethod="<IDEDistributionMethodiOSAdHoc: 0x600078cf7150>", team="<IDEProvisioningDisambiguatableBasicTeam: 0x6000057b5b80; teamID='2228K8LXUF', teamName='Vivya Corp', teamType='Company', username='vivyacorpsoft@vivyacorp.com', isFreeProvisioningTeam='0'>">
	<IDEDistributionContext: 0x17931b930; archive = "<IDEArchive: 0x60001aad6640>", distributionMethod="<IDEDistributionMethodiOSAdHoc: 0x600078cf7150>", team="<IDEProvisioningDisambiguatableBasicTeam: 0x6000057b5b80; teamID='2228K8LXUF', teamName='Vivya Corp', teamType='Company', username='vivyacorpsoft@vivyacorp.com', isFreeProvisioningTeam='0'>">
	<IDEDistributionContext: 0x2b2a89dc0; archive = "<IDEArchive: 0x60001aad6640>", distributionMethod="<IDEDistributionMethodiOSAdHoc: 0x600078cf7150>", team="<IDEProvisioningDisambiguatableBasicTeam: 0x6000057b5b80; teamID='2228K8LXUF', teamName='Vivya Corp', teamType='Company', username='vivyacorpsoft@vivyacorp.com', isFreeProvisioningTeam='0'>">
	<IDEDistributionContext: 0x12865ea10; archive = "<IDEArchive: 0x60001aad6640>", distributionMethod="<IDEDistributionMethodiOSAdHoc: 0x600078cf7150>", team="<IDEProvisioningDisambiguatableBasicTeam: 0x6000057b5b80; teamID='2228K8LXUF', teamName='Vivya Corp', teamType='Company', username='vivyacorpsoft@vivyacorp.com', isFreeProvisioningTeam='0'>">
	<IDEDistributionContext: 0x1286a4a50; archive = "<IDEArchive: 0x60001aad6640>", distributionMethod="<IDEDistributionMethodiOSAdHoc: 0x600078cf7150>", team="<IDEProvisioningDisambiguatableBasicTeam: 0x6000057b5b80; teamID='2228K8LXUF', teamName='Vivya Corp', teamType='Company', username='vivyacorpsoft@vivyacorp.com', isFreeProvisioningTeam='0'>">
	<IDEDistributionContext: 0x1758e9100; archive = "<IDEArchive: 0x60001aad6640>", distributionMethod="<IDEDistributionMethodiOSAdHoc: 0x600078cf7150>", team="<IDEProvisioningDisambiguatableBasicTeam: 0x6000057b5b80; teamID='2228K8LXUF', teamName='Vivya Corp', teamType='Company', username='vivyacorpsoft@vivyacorp.com', isFreeProvisioningTeam='0'>">
	<IDEDistributionContext: 0x2a43f0db0; archive = "<IDEArchive: 0x60001aad6640>", distributionMethod="<IDEDistributionMethodiOSAdHoc: 0x600078cf7150>", team="(null)">
	<IDEDistributionContext: 0x2a111aa90; archive = "<IDEArchive: 0x60001aad6640>", distributionMethod="<IDEDistributionMethodiOSAdHoc: 0x600078cf7150>", team="(null)">
	<IDEDistributionContext: 0x175705670; archive = "<IDEArchive: 0x60001aad6640>", distributionMethod="<IDEDistributionMethodiOSAdHoc: 0x600078cf7150>", team="(null)">
	<IDEDistributionContext: 0x2946bb330; archive = "<IDEArchive: 0x60001aad6640>", distributionMethod="<IDEDistributionMethodiOSAdHoc: 0x600078cf7150>", team="(null)">
	<IDEDistributionContext: 0x2a41d0c40; archive = "<IDEArchive: 0x60001aad6640>", distributionMethod="(null)", team="(null)">
	<IDEDistributionContext: 0x2adef9550; archive = "<IDEArchive: 0x60001aad6640>", distributionMethod="(null)", team="(null)">
</IDEDistributionProcessingPipelineContext: 0x1758ea9f0>
2024-07-02 10:03:40 +0000  Processing step: IDEDistributionCreateDestRootStep
2024-07-02 10:03:40 +0000  Processing step: IDEDistributionCopyItemStep
2024-07-02 10:03:40 +0000  Running /usr/bin/ditto '-V' '/Users/vaishnavipurusothaman/Library/Developer/Xcode/Archives/2024-07-02/ObjectDetectionApp 02-07-24, 3.33 PM.xcarchive/Products/Applications/ObjectDetectionApp.app' '/var/folders/1c/n9t325454sbcnz35pcx1wdjm0000gn/T/XcodeDistPipeline.~~~ZJCuc0/Root/Payload/ObjectDetectionApp.app'
2024-07-02 10:03:40 +0000  >>> Copying /Users/vaishnavipurusothaman/Library/Developer/Xcode/Archives/2024-07-02/ObjectDetectionApp 02-07-24, 3.33 PM.xcarchive/Products/Applications/ObjectDetectionApp.app 
2024-07-02 10:03:40 +0000  copying file ./_CodeSignature/CodeResources ... 
2024-07-02 10:03:40 +0000  6263 bytes for ./_CodeSignature/CodeResources
2024-07-02 10:03:40 +0000  copying file ./classes.txt ... 
2024-07-02 10:03:40 +0000  639 bytes for ./classes.txt
2024-07-02 10:03:40 +0000  copying file ./best-fp16.tflite ... 
2024-07-02 10:03:40 +0000  14130912 bytes for ./best-fp16.tflite
2024-07-02 10:03:40 +0000  copying file ./yolov5s-fp16.tflite ... 
2024-07-02 10:03:40 +0000  14673008 bytes for ./yolov5s-fp16.tflite
copying file ./AppIcon60x60@2x.png ... 
2024-07-02 10:03:40 +0000  1125 bytes for ./AppIcon60x60@2x.png
copying file ./ObjectDetectionApp ... 
2024-07-02 10:03:40 +0000  3472096 bytes for ./ObjectDetectionApp
2024-07-02 10:03:40 +0000  copying file ./Base.lproj/Main.storyboardc/UIViewController-xCD-FN-y3S.nib ... 
1300 bytes for ./Base.lproj/Main.storyboardc/UIViewController-xCD-FN-y3S.nib
copying file ./Base.lproj/Main.storyboardc/xCD-FN-y3S-view-6QA-61-rxG.nib ... 
2024-07-02 10:03:40 +0000  7270 bytes for ./Base.lproj/Main.storyboardc/xCD-FN-y3S-view-6QA-61-rxG.nib
2024-07-02 10:03:40 +0000  copying file ./Base.lproj/Main.storyboardc/wzf-Qa-0tt-view-fNV-qK-v5F.nib ... 
2024-07-02 10:03:40 +0000  9490 bytes for ./Base.lproj/Main.storyboardc/wzf-Qa-0tt-view-fNV-qK-v5F.nib
2024-07-02 10:03:40 +0000  copying file ./Base.lproj/Main.storyboardc/UIViewController-wzf-Qa-0tt.nib ... 
2024-07-02 10:03:40 +0000  1018 bytes for ./Base.lproj/Main.storyboardc/UIViewController-wzf-Qa-0tt.nib
2024-07-02 10:03:40 +0000  copying file ./Base.lproj/Main.storyboardc/Info.plist ... 
2024-07-02 10:03:40 +0000  333 bytes for ./Base.lproj/Main.storyboardc/Info.plist
2024-07-02 10:03:40 +0000  copying file ./Base.lproj/LaunchScreen.storyboardc/01J-lp-oVM-view-Ze5-6b-2t3.nib ... 
2024-07-02 10:03:40 +0000  1225 bytes for ./Base.lproj/LaunchScreen.storyboardc/01J-lp-oVM-view-Ze5-6b-2t3.nib
2024-07-02 10:03:40 +0000  copying file ./Base.lproj/LaunchScreen.storyboardc/UIViewController-01J-lp-oVM.nib ... 
2024-07-02 10:03:40 +0000  924 bytes for ./Base.lproj/LaunchScreen.storyboardc/UIViewController-01J-lp-oVM.nib
2024-07-02 10:03:40 +0000  copying file ./Base.lproj/LaunchScreen.storyboardc/Info.plist ... 
2024-07-02 10:03:40 +0000  258 bytes for ./Base.lproj/LaunchScreen.storyboardc/Info.plist
2024-07-02 10:03:40 +0000  copying file ./Assets.car ... 
2024-07-02 10:03:40 +0000  131311 bytes for ./Assets.car
2024-07-02 10:03:40 +0000  copying file ./best_float16.tflite ... 
2024-07-02 10:03:40 +0000  6183875 bytes for ./best_float16.tflite
2024-07-02 10:03:40 +0000  copying file ./AppIcon76x76@2x~ipad.png ... 
1481 bytes for ./AppIcon76x76@2x~ipad.png
copying file ./embedded.mobileprovision ... 
13478 bytes for ./embedded.mobileprovision
copying file ./yolov5n-fp16.tflite ... 
2024-07-02 10:03:40 +0000  3869616 bytes for ./yolov5n-fp16.tflite
2024-07-02 10:03:40 +0000  copying file ./Info.plist ... 
1782 bytes for ./Info.plist
copying file ./PkgInfo ... 
8 bytes for ./PkgInfo
2024-07-02 10:03:40 +0000  /usr/bin/ditto exited with 0
2024-07-02 10:03:40 +0000  Processing step: IDEDistributionEmbedProfileStep
2024-07-02 10:03:40 +0000  Processing step: IDEDistributionInfoPlistStep
2024-07-02 10:03:40 +0000  Skipping step: IDEDistributionInfoPlistStep because it said so
2024-07-02 10:03:40 +0000  Processing step: IDEDistributionAppThinningPlistStep
2024-07-02 10:03:40 +0000  Skipping step: IDEDistributionAppThinningPlistStep because it said so
2024-07-02 10:03:40 +0000  Processing step: IDEDistributionCompileBitcodeStep
2024-07-02 10:03:40 +0000  Skipping step: IDEDistributionCompileBitcodeStep because it said so
2024-07-02 10:03:40 +0000  Processing step: IDEDistributionCodeSlimmingStep
2024-07-02 10:03:40 +0000  Processing step: IDEDistributionCopyBCSymbolMapsStep
2024-07-02 10:03:40 +0000  Skipping step: IDEDistributionCopyBCSymbolMapsStep because it said so
2024-07-02 10:03:40 +0000  Processing step: IDEDistributionSymbolsStep
2024-07-02 10:03:40 +0000  Skipping step: IDEDistributionSymbolsStep because it said so
2024-07-02 10:03:40 +0000  Processing step: IDEDistributionAppThinningStep
2024-07-02 10:03:40 +0000  Skipping step: IDEDistributionAppThinningStep because it said so
2024-07-02 10:03:40 +0000  Processing step: IDEDistributionArchThinningStep
2024-07-02 10:03:40 +0000  Running /Applications/Xcode.app/Contents/Developer/Toolchains/XcodeDefault.xctoolchain/usr/bin/lipo '/var/folders/1c/n9t325454sbcnz35pcx1wdjm0000gn/T/XcodeDistPipeline.~~~ZJCuc0/Root/Payload/ObjectDetectionApp.app/ObjectDetectionApp' '-verify_arch' 'arm64e'
2024-07-02 10:03:40 +0000  /Applications/Xcode.app/Contents/Developer/Toolchains/XcodeDefault.xctoolchain/usr/bin/lipo exited with 1
2024-07-02 10:03:40 +0000  Skipping architecture thinning for item "ObjectDetectionApp" because arch "arm64e" wasn't found
2024-07-02 10:03:40 +0000  Processing step: IDEDistributionODRStep
2024-07-02 10:03:40 +0000  Processing step: IDEDistributionStripXattrsStep
2024-07-02 10:03:40 +0000  Skipping stripping extended attributes because the codesign step will strip them.
2024-07-02 10:03:40 +0000  Processing step: IDEDistributionCodesignStep
2024-07-02 10:03:40 +0000  Entitlements for <IDEDistributionItem: 0x60001aa466a0; bundleID='com.tensorflow.ObjectDetection.vrdella', path='<DVTFilePath:0x60000e56ca10:'/Users/vaishnavipurusothaman/Library/Developer/Xcode/Archives/2024-07-02/ObjectDetectionApp 02-07-24, 3.33 PM.xcarchive/Products/Applications/ObjectDetectionApp.app'>', codeSigningInfo='<_DVTCodeSigningInformation_Path: 0x60001ad580f0; isSigned='1', isAdHocSigned='0', signingCertificate='<DVTSigningCertificate: 0x600013b6eb80; name='Apple Distribution: Vivya Corp (2228K8LXUF)', hash='59F8E9B8768C96FF8C654E7F49E459613DD2E608', serialNumber='4385DB60515BB0986AF61352D2DA04C2', certificateKinds='(
    "1.2.840.113635.100.6.1.7",
    "1.2.840.113635.100.6.1.4"
), issueDate='2023-11-21 10:30:20 +0000''>', entitlements='{
    "application-identifier" = "2228K8LXUF.com.tensorflow.ObjectDetection.vrdella";
    "com.apple.developer.team-identifier" = 2228K8LXUF;
    "get-task-allow" = 0;
}', teamID='2228K8LXUF', identifier='com.tensorflow.ObjectDetection.vrdella', executablePath='<DVTFilePath:0x60000a656920:'/Users/vaishnavipurusothaman/Library/Developer/Xcode/Archives/2024-07-02/ObjectDetectionApp 02-07-24, 3.33 PM.xcarchive/Products/Applications/ObjectDetectionApp.app/ObjectDetectionApp'>', hardenedRuntime='0'>'>: {
    "application-identifier" = "2228K8LXUF.com.tensorflow.ObjectDetection.vrdella";
    "com.apple.developer.team-identifier" = 2228K8LXUF;
    "get-task-allow" = 0;
}
2024-07-02 10:03:40 +0000  Associated App Clip Identifiers Filter: Skipping because "com.apple.developer.associated-appclip-app-identifiers" is not present
2024-07-02 10:03:40 +0000  Entitlements for <IDEDistributionItem: 0x60001aa466a0; bundleID='com.tensorflow.ObjectDetection.vrdella', path='<DVTFilePath:0x60000e56ca10:'/Users/vaishnavipurusothaman/Library/Developer/Xcode/Archives/2024-07-02/ObjectDetectionApp 02-07-24, 3.33 PM.xcarchive/Products/Applications/ObjectDetectionApp.app'>', codeSigningInfo='<_DVTCodeSigningInformation_Path: 0x60001ad580f0; isSigned='1', isAdHocSigned='0', signingCertificate='<DVTSigningCertificate: 0x600013b6d800; name='Apple Distribution: Vivya Corp (2228K8LXUF)', hash='59F8E9B8768C96FF8C654E7F49E459613DD2E608', serialNumber='4385DB60515BB0986AF61352D2DA04C2', certificateKinds='(
    "1.2.840.113635.100.6.1.7",
    "1.2.840.113635.100.6.1.4"
), issueDate='2023-11-21 10:30:20 +0000''>', entitlements='{
    "application-identifier" = "2228K8LXUF.com.tensorflow.ObjectDetection.vrdella";
    "com.apple.developer.team-identifier" = 2228K8LXUF;
    "get-task-allow" = 0;
}', teamID='2228K8LXUF', identifier='com.tensorflow.ObjectDetection.vrdella', executablePath='<DVTFilePath:0x60000a656920:'/Users/vaishnavipurusothaman/Library/Developer/Xcode/Archives/2024-07-02/ObjectDetectionApp 02-07-24, 3.33 PM.xcarchive/Products/Applications/ObjectDetectionApp.app/ObjectDetectionApp'>', hardenedRuntime='0'>'> are: {
    "application-identifier" = "2228K8LXUF.com.tensorflow.ObjectDetection.vrdella";
    "com.apple.developer.team-identifier" = 2228K8LXUF;
    "get-task-allow" = 0;
}
2024-07-02 10:03:40 +0000  Writing entitlements for <IDEDistributionItem: 0x60001aa466a0; bundleID='com.tensorflow.ObjectDetection.vrdella', path='<DVTFilePath:0x60000e56ca10:'/Users/vaishnavipurusothaman/Library/Developer/Xcode/Archives/2024-07-02/ObjectDetectionApp 02-07-24, 3.33 PM.xcarchive/Products/Applications/ObjectDetectionApp.app'>', codeSigningInfo='<_DVTCodeSigningInformation_Path: 0x60001ad580f0; isSigned='1', isAdHocSigned='0', signingCertificate='<DVTSigningCertificate: 0x60000bbf4cc0; name='Apple Distribution: Vivya Corp (2228K8LXUF)', hash='59F8E9B8768C96FF8C654E7F49E459613DD2E608', serialNumber='4385DB60515BB0986AF61352D2DA04C2', certificateKinds='(
    "1.2.840.113635.100.6.1.7",
    "1.2.840.113635.100.6.1.4"
), issueDate='2023-11-21 10:30:20 +0000''>', entitlements='{
    "application-identifier" = "2228K8LXUF.com.tensorflow.ObjectDetection.vrdella";
    "com.apple.developer.team-identifier" = 2228K8LXUF;
    "get-task-allow" = 0;
}', teamID='2228K8LXUF', identifier='com.tensorflow.ObjectDetection.vrdella', executablePath='<DVTFilePath:0x60000a656920:'/Users/vaishnavipurusothaman/Library/Developer/Xcode/Archives/2024-07-02/ObjectDetectionApp 02-07-24, 3.33 PM.xcarchive/Products/Applications/ObjectDetectionApp.app/ObjectDetectionApp'>', hardenedRuntime='0'>'> to: /var/folders/1c/n9t325454sbcnz35pcx1wdjm0000gn/T/XcodeDistPipeline.~~~ZJCuc0/entitlements~~~AS56Dd
2024-07-02 10:03:40 +0000  Running /usr/bin/codesign '-vvv' '--force' '--sign' '59F8E9B8768C96FF8C654E7F49E459613DD2E608' '--entitlements' '/var/folders/1c/n9t325454sbcnz35pcx1wdjm0000gn/T/XcodeDistPipeline.~~~ZJCuc0/entitlements~~~AS56Dd' '--generate-entitlement-der' '--preserve-metadata=identifier,flags,runtime' '/var/folders/1c/n9t325454sbcnz35pcx1wdjm0000gn/T/XcodeDistPipeline.~~~ZJCuc0/Root/Payload/ObjectDetectionApp.app'
2024-07-02 10:03:40 +0000  /var/folders/1c/n9t325454sbcnz35pcx1wdjm0000gn/T/XcodeDistPipeline.~~~ZJCuc0/Root/Payload/ObjectDetectionApp.app: replacing existing signature
2024-07-02 10:03:40 +0000  /var/folders/1c/n9t325454sbcnz35pcx1wdjm0000gn/T/XcodeDistPipeline.~~~ZJCuc0/Root/Payload/ObjectDetectionApp.app: signed app bundle with Mach-O thin (arm64) [com.tensorflow.ObjectDetection.vrdella]
2024-07-02 10:03:40 +0000  /usr/bin/codesign exited with 0
2024-07-02 10:03:40 +0000  Processing step: IDEDistributionZipODRItemStep
2024-07-02 10:03:40 +0000  Skipping step: IDEDistributionZipODRItemStep because it said so
2024-07-02 10:03:40 +0000  Processing step: IDEDistributionCreateIPAStep
2024-07-02 10:03:40 +0000  Running /usr/bin/ditto '-V' '-c' '-k' '--norsrc' '/var/folders/1c/n9t325454sbcnz35pcx1wdjm0000gn/T/XcodeDistPipeline.~~~ZJCuc0/Root' '/var/folders/1c/n9t325454sbcnz35pcx1wdjm0000gn/T/XcodeDistPipeline.~~~ZJCuc0/Packages/ObjectDetectionApp.ipa'
2024-07-02 10:03:40 +0000  >>> Copying /var/folders/1c/n9t325454sbcnz35pcx1wdjm0000gn/T/XcodeDistPipeline.~~~ZJCuc0/Root 
2024-07-02 10:03:40 +0000  copying file ./Payload/ObjectDetectionApp.app/_CodeSignature/CodeResources ... 
2024-07-02 10:03:40 +0000  6263 bytes for ./Payload/ObjectDetectionApp.app/_CodeSignature/CodeResources
2024-07-02 10:03:40 +0000  copying file ./Payload/ObjectDetectionApp.app/classes.txt ... 
2024-07-02 10:03:40 +0000  639 bytes for ./Payload/ObjectDetectionApp.app/classes.txt
2024-07-02 10:03:40 +0000  copying file ./Payload/ObjectDetectionApp.app/best-fp16.tflite ... 
2024-07-02 10:03:41 +0000  14130912 bytes for ./Payload/ObjectDetectionApp.app/best-fp16.tflite
2024-07-02 10:03:41 +0000  copying file ./Payload/ObjectDetectionApp.app/yolov5s-fp16.tflite ... 
2024-07-02 10:03:41 +0000  14673008 bytes for ./Payload/ObjectDetectionApp.app/yolov5s-fp16.tflite
2024-07-02 10:03:41 +0000  copying file ./Payload/ObjectDetectionApp.app/AppIcon60x60@2x.png ... 
1125 bytes for ./Payload/ObjectDetectionApp.app/AppIcon60x60@2x.png
copying file ./Payload/ObjectDetectionApp.app/ObjectDetectionApp ... 
2024-07-02 10:03:41 +0000  3472096 bytes for ./Payload/ObjectDetectionApp.app/ObjectDetectionApp
2024-07-02 10:03:41 +0000  copying file ./Payload/ObjectDetectionApp.app/Base.lproj/Main.storyboardc/UIViewController-xCD-FN-y3S.nib ... 
1300 bytes for ./Payload/ObjectDetectionApp.app/Base.lproj/Main.storyboardc/UIViewController-xCD-FN-y3S.nib
copying file ./Payload/ObjectDetectionApp.app/Base.lproj/Main.storyboardc/xCD-FN-y3S-view-6QA-61-rxG.nib ... 
2024-07-02 10:03:41 +0000  7270 bytes for ./Payload/ObjectDetectionApp.app/Base.lproj/Main.storyboardc/xCD-FN-y3S-view-6QA-61-rxG.nib
2024-07-02 10:03:41 +0000  copying file ./Payload/ObjectDetectionApp.app/Base.lproj/Main.storyboardc/wzf-Qa-0tt-view-fNV-qK-v5F.nib ... 
2024-07-02 10:03:41 +0000  9490 bytes for ./Payload/ObjectDetectionApp.app/Base.lproj/Main.storyboardc/wzf-Qa-0tt-view-fNV-qK-v5F.nib
copying file ./Payload/ObjectDetectionApp.app/Base.lproj/Main.storyboardc/UIViewController-wzf-Qa-0tt.nib ... 
2024-07-02 10:03:41 +0000  1018 bytes for ./Payload/ObjectDetectionApp.app/Base.lproj/Main.storyboardc/UIViewController-wzf-Qa-0tt.nib
copying file ./Payload/ObjectDetectionApp.app/Base.lproj/Main.storyboardc/Info.plist ... 
2024-07-02 10:03:41 +0000  333 bytes for ./Payload/ObjectDetectionApp.app/Base.lproj/Main.storyboardc/Info.plist
2024-07-02 10:03:41 +0000  copying file ./Payload/ObjectDetectionApp.app/Base.lproj/LaunchScreen.storyboardc/01J-lp-oVM-view-Ze5-6b-2t3.nib ... 
2024-07-02 10:03:41 +0000  1225 bytes for ./Payload/ObjectDetectionApp.app/Base.lproj/LaunchScreen.storyboardc/01J-lp-oVM-view-Ze5-6b-2t3.nib
copying file ./Payload/ObjectDetectionApp.app/Base.lproj/LaunchScreen.storyboardc/UIViewController-01J-lp-oVM.nib ... 
2024-07-02 10:03:41 +0000  924 bytes for ./Payload/ObjectDetectionApp.app/Base.lproj/LaunchScreen.storyboardc/UIViewController-01J-lp-oVM.nib
copying file ./Payload/ObjectDetectionApp.app/Base.lproj/LaunchScreen.storyboardc/Info.plist ... 
2024-07-02 10:03:41 +0000  258 bytes for ./Payload/ObjectDetectionApp.app/Base.lproj/LaunchScreen.storyboardc/Info.plist
copying file ./Payload/ObjectDetectionApp.app/Assets.car ... 
2024-07-02 10:03:41 +0000  131311 bytes for ./Payload/ObjectDetectionApp.app/Assets.car
copying file ./Payload/ObjectDetectionApp.app/best_float16.tflite ... 
2024-07-02 10:03:42 +0000  6183875 bytes for ./Payload/ObjectDetectionApp.app/best_float16.tflite
2024-07-02 10:03:42 +0000  copying file ./Payload/ObjectDetectionApp.app/AppIcon76x76@2x~ipad.png ... 
2024-07-02 10:03:42 +0000  1481 bytes for ./Payload/ObjectDetectionApp.app/AppIcon76x76@2x~ipad.png
copying file ./Payload/ObjectDetectionApp.app/embedded.mobileprovision ... 
2024-07-02 10:03:42 +0000  13478 bytes for ./Payload/ObjectDetectionApp.app/embedded.mobileprovision
2024-07-02 10:03:42 +0000  copying file ./Payload/ObjectDetectionApp.app/yolov5n-fp16.tflite ... 
2024-07-02 10:03:42 +0000  3869616 bytes for ./Payload/ObjectDetectionApp.app/yolov5n-fp16.tflite
copying file ./Payload/ObjectDetectionApp.app/Info.plist ... 
2024-07-02 10:03:42 +0000  1782 bytes for ./Payload/ObjectDetectionApp.app/Info.plist
copying file ./Payload/ObjectDetectionApp.app/PkgInfo ... 
2024-07-02 10:03:42 +0000  8 bytes for ./Payload/ObjectDetectionApp.app/PkgInfo
2024-07-02 10:03:42 +0000  /usr/bin/ditto exited with 0
2024-07-02 10:03:42 +0000  Processing step: IDEDistributionAppStoreInformationStep
2024-07-02 10:03:42 +0000  Skipping step: IDEDistributionAppStoreInformationStep because it said so
2024-07-02 10:03:42 +0000  Processing step: IDEDistributionGenerateProcessedDistributionItems
2024-07-02 10:03:42 +0000  IDEDistributionItem init <DVTFilePath:0x60000a66de30:'/var/folders/1c/n9t325454sbcnz35pcx1wdjm0000gn/T/XcodeDistPipeline.~~~ZJCuc0/Root/Payload/ObjectDetectionApp.app'>
2024-07-02 10:03:42 +0000  Processing step: IDEDistributionCreateManifestStep
